#
# There is insufficient memory for the Java Runtime Environment to continue.
# Native memory allocation (malloc) failed to allocate 344496 bytes for Chunk::new
# Possible reasons:
#   The system is out of physical RAM or swap space
#   The process is running with CompressedOops enabled, and the Java Heap may be blocking the growth of the native heap
# Possible solutions:
#   Reduce memory load on the system
#   Increase physical memory or swap space
#   Check if swap backing store is full
#   Decrease Java heap size (-Xmx/-Xms)
#   Decrease number of Java threads
#   Decrease Java thread stack sizes (-Xss)
#   Set larger code cache with -XX:ReservedCodeCacheSize=
#   JVM is running with Unscaled Compressed Oops mode in which the Java heap is
#     placed in the first 4GB address space. The Java Heap base address is the
#     maximum limit for the native heap growth. Please use -XX:HeapBaseMinAddress
#     to set the Java Heap base and to place the Java Heap above 4GB virtual address.
# This output file may be truncated or incomplete.
#
#  Out of Memory Error (allocation.cpp:389), pid=18048, tid=0x0000000000004c70
#
# JRE version: Java(TM) SE Runtime Environment (8.0_271-b09) (build 1.8.0_271-b09)
# Java VM: Java HotSpot(TM) 64-Bit Server VM (25.271-b09 mixed mode windows-amd64 compressed oops)
# Failed to write core dump. Minidumps are not enabled by default on client versions of Windows
#

---------------  T H R E A D  ---------------

Current thread (0x00000168b864f800):  JavaThread "C2 CompilerThread1" daemon [_thread_in_native, id=19568, stack(0x0000003755900000,0x0000003755a00000)]

Stack: [0x0000003755900000,0x0000003755a00000]
Native frames: (J=compiled Java code, j=interpreted, Vv=VM code, C=native code)
V  [jvm.dll+0x33f6c9]
V  [jvm.dll+0x286122]
V  [jvm.dll+0x286dcd]
V  [jvm.dll+0x27d805]
V  [jvm.dll+0xe574c]
V  [jvm.dll+0xe5f4c]
V  [jvm.dll+0x49bd96]
V  [jvm.dll+0x447963]
V  [jvm.dll+0x450c25]
V  [jvm.dll+0x44ffe5]
V  [jvm.dll+0x43aef7]
V  [jvm.dll+0xbc3eb]
V  [jvm.dll+0xbaa4b]
V  [jvm.dll+0x24e7c2]
V  [jvm.dll+0x2a2dcc]
C  [ucrtbase.dll+0x214c2]
C  [KERNEL32.DLL+0x17034]
C  [ntdll.dll+0x4d0d1]


Current CompileTask:
C2:   1874 1419   !   4       java.net.URLClassLoader$1::run (63 bytes)


---------------  P R O C E S S  ---------------

Java Threads: ( => current thread )
  0x00000168bb97e800 JavaThread "Cache worker for file hash cache (C:\Users\sangnk\.gradle\caches\6.1.1\fileHashes)" [_thread_blocked, id=2228, stack(0x0000003756a00000,0x0000003756b00000)]
  0x00000168bb981800 JavaThread "File lock request listener" [_thread_in_native, id=20312, stack(0x0000003756900000,0x0000003756a00000)]
  0x00000168bb97c800 JavaThread "Cache worker for journal cache (C:\Users\sangnk\.gradle\caches\journal-1)" [_thread_blocked, id=10740, stack(0x0000003756800000,0x0000003756900000)]
  0x00000168bb86d000 JavaThread "Thread-9" [_thread_blocked, id=8880, stack(0x0000003756700000,0x0000003756800000)]
  0x00000168bb84f800 JavaThread "Stdin handler" [_thread_blocked, id=15320, stack(0x0000003756600000,0x0000003756700000)]
  0x00000168bb851000 JavaThread "Asynchronous log dispatcher for DefaultDaemonConnection: socket connection from /127.0.0.1:54682 to /127.0.0.1:54683" [_thread_blocked, id=11144, stack(0x0000003756500000,0x0000003756600000)]
  0x00000168bb853000 JavaThread "Daemon worker" [_thread_in_vm, id=13652, stack(0x0000003756400000,0x0000003756500000)]
  0x00000168bb837000 JavaThread "Cancel handler" [_thread_blocked, id=9684, stack(0x0000003756300000,0x0000003756400000)]
  0x00000168bb832800 JavaThread "Handler for socket connection from /127.0.0.1:54682 to /127.0.0.1:54683" [_thread_in_native, id=8452, stack(0x0000003756200000,0x0000003756300000)]
  0x00000168bb79e800 JavaThread "Daemon" [_thread_blocked, id=1632, stack(0x0000003756100000,0x0000003756200000)]
  0x00000168bb757000 JavaThread "Daemon periodic checks" [_thread_blocked, id=20048, stack(0x0000003756000000,0x0000003756100000)]
  0x00000168bb7bf000 JavaThread "Incoming local TCP Connector on port 54682" [_thread_in_native, id=20288, stack(0x0000003755f00000,0x0000003756000000)]
  0x00000168bb721800 JavaThread "Daemon health stats" [_thread_blocked, id=11940, stack(0x0000003755e00000,0x0000003755f00000)]
  0x00000168b9a18800 JavaThread "Service Thread" daemon [_thread_blocked, id=2160, stack(0x0000003755c00000,0x0000003755d00000)]
  0x00000168b8656000 JavaThread "C1 CompilerThread3" daemon [_thread_blocked, id=20916, stack(0x0000003755b00000,0x0000003755c00000)]
  0x00000168b8651000 JavaThread "C2 CompilerThread2" daemon [_thread_in_native, id=18300, stack(0x0000003755a00000,0x0000003755b00000)]
=>0x00000168b864f800 JavaThread "C2 CompilerThread1" daemon [_thread_in_native, id=19568, stack(0x0000003755900000,0x0000003755a00000)]
  0x00000168b864c000 JavaThread "C2 CompilerThread0" daemon [_thread_in_native, id=3612, stack(0x0000003755800000,0x0000003755900000)]
  0x00000168b864b000 JavaThread "Attach Listener" daemon [_thread_blocked, id=15316, stack(0x0000003755700000,0x0000003755800000)]
  0x00000168b864a000 JavaThread "Signal Dispatcher" daemon [_thread_blocked, id=18368, stack(0x0000003755600000,0x0000003755700000)]
  0x00000168b8629000 JavaThread "Finalizer" daemon [_thread_blocked, id=15584, stack(0x0000003755500000,0x0000003755600000)]
  0x00000168b861a000 JavaThread "Reference Handler" daemon [_thread_blocked, id=19652, stack(0x0000003755400000,0x0000003755500000)]
  0x00000168a5017000 JavaThread "main" [_thread_blocked, id=21624, stack(0x0000003754a00000,0x0000003754b00000)]

Other Threads:
  0x00000168b85f2800 VMThread [stack: 0x0000003755300000,0x0000003755400000] [id=20112]
  0x00000168b8698800 WatcherThread [stack: 0x0000003755d00000,0x0000003755e00000] [id=21048]

VM state:not at safepoint (normal execution)

VM Mutex/Monitor currently owned by a thread: None

heap address: 0x00000000e0000000, size: 512 MB, Compressed Oops mode: 32-bit
Narrow klass base: 0x0000000000000000, Narrow klass shift: 3
Compressed class space size: 1073741824 Address: 0x0000000100000000

Heap:
 PSYoungGen      total 76288K, used 30138K [0x00000000f5580000, 0x00000000faa80000, 0x0000000100000000)
  eden space 65536K, 31% used [0x00000000f5580000,0x00000000f6966350,0x00000000f9580000)
  from space 10752K, 90% used [0x00000000fa000000,0x00000000fa988548,0x00000000faa80000)
  to   space 10752K, 0% used [0x00000000f9580000,0x00000000f9580000,0x00000000fa000000)
 ParOldGen       total 175104K, used 24K [0x00000000e0000000, 0x00000000eab00000, 0x00000000f5580000)
  object space 175104K, 0% used [0x00000000e0000000,0x00000000e0006000,0x00000000eab00000)
 Metaspace       used 16642K, capacity 17066K, committed 17408K, reserved 1067008K
  class space    used 2313K, capacity 2493K, committed 2560K, reserved 1048576K

Card table byte_map: [0x00000168b5e50000,0x00000168b5f60000] byte_map_base: 0x00000168b5750000

Marking Bits: (ParMarkBitMap*) 0x0000000074fc7fe0
 Begin Bits: [0x00000168b6010000, 0x00000168b6810000)
 End Bits:   [0x00000168b6810000, 0x00000168b7010000)

Polling page: 0x00000168a5280000

CodeCache: size=245760Kb used=5361Kb max_used=5361Kb free=240398Kb
 bounds [0x00000168a6a90000, 0x00000168a6fd0000, 0x00000168b5a90000]
 total_blobs=1929 nmethods=1530 adapters=311
 compilation: enabled

Compilation events (10 events):
Event: 1.836 Thread 0x00000168b8656000 1475       3       java.lang.ClassLoader::addClass (9 bytes)
Event: 1.836 Thread 0x00000168b8656000 nmethod 1475 0x00000168a6fb2290 code [0x00000168a6fb2400, 0x00000168a6fb2630]
Event: 1.839 Thread 0x00000168b8656000 1476       3       java.lang.String::substring (56 bytes)
Event: 1.839 Thread 0x00000168b8656000 nmethod 1476 0x00000168a6fb1b90 code [0x00000168a6fb1d20, 0x00000168a6fb20d0]
Event: 1.843 Thread 0x00000168b8656000 1478       3       sun.reflect.MethodAccessorImpl::<init> (5 bytes)
Event: 1.844 Thread 0x00000168b8656000 nmethod 1478 0x00000168a6fb4d50 code [0x00000168a6fb4ec0, 0x00000168a6fb50d8]
Event: 1.844 Thread 0x00000168b8656000 1477       1       java.lang.reflect.Method::getMethodAccessor (5 bytes)
Event: 1.844 Thread 0x00000168b8656000 nmethod 1477 0x00000168a6fb1890 code [0x00000168a6fb19e0, 0x00000168a6fb1af8]
Event: 1.847 Thread 0x00000168b8656000 1479       3       sun.reflect.ReflectionFactory::inflationThreshold (4 bytes)
Event: 1.847 Thread 0x00000168b8656000 nmethod 1479 0x00000168a6fb51d0 code [0x00000168a6fb5320, 0x00000168a6fb5458]

GC Heap History (4 events):
Event: 0.829 GC heap before
{Heap before GC invocations=1 (full 0):
 PSYoungGen      total 76288K, used 65536K [0x00000000f5580000, 0x00000000faa80000, 0x0000000100000000)
  eden space 65536K, 100% used [0x00000000f5580000,0x00000000f9580000,0x00000000f9580000)
  from space 10752K, 0% used [0x00000000fa000000,0x00000000fa000000,0x00000000faa80000)
  to   space 10752K, 0% used [0x00000000f9580000,0x00000000f9580000,0x00000000fa000000)
 ParOldGen       total 175104K, used 0K [0x00000000e0000000, 0x00000000eab00000, 0x00000000f5580000)
  object space 175104K, 0% used [0x00000000e0000000,0x00000000e0000000,0x00000000eab00000)
 Metaspace       used 7534K, capacity 7780K, committed 8064K, reserved 1056768K
  class space    used 950K, capacity 1040K, committed 1152K, reserved 1048576K
Event: 0.834 GC heap after
Heap after GC invocations=1 (full 0):
 PSYoungGen      total 76288K, used 5951K [0x00000000f5580000, 0x00000000faa80000, 0x0000000100000000)
  eden space 65536K, 0% used [0x00000000f5580000,0x00000000f5580000,0x00000000f9580000)
  from space 10752K, 55% used [0x00000000f9580000,0x00000000f9b4fc90,0x00000000fa000000)
  to   space 10752K, 0% used [0x00000000fa000000,0x00000000fa000000,0x00000000faa80000)
 ParOldGen       total 175104K, used 16K [0x00000000e0000000, 0x00000000eab00000, 0x00000000f5580000)
  object space 175104K, 0% used [0x00000000e0000000,0x00000000e0004000,0x00000000eab00000)
 Metaspace       used 7534K, capacity 7780K, committed 8064K, reserved 1056768K
  class space    used 950K, capacity 1040K, committed 1152K, reserved 1048576K
}
Event: 1.726 GC heap before
{Heap before GC invocations=2 (full 0):
 PSYoungGen      total 76288K, used 71487K [0x00000000f5580000, 0x00000000faa80000, 0x0000000100000000)
  eden space 65536K, 100% used [0x00000000f5580000,0x00000000f9580000,0x00000000f9580000)
  from space 10752K, 55% used [0x00000000f9580000,0x00000000f9b4fc90,0x00000000fa000000)
  to   space 10752K, 0% used [0x00000000fa000000,0x00000000fa000000,0x00000000faa80000)
 ParOldGen       total 175104K, used 16K [0x00000000e0000000, 0x00000000eab00000, 0x00000000f5580000)
  object space 175104K, 0% used [0x00000000e0000000,0x00000000e0004000,0x00000000eab00000)
 Metaspace       used 15149K, capacity 15452K, committed 15872K, reserved 1062912K
  class space    used 2064K, capacity 2186K, committed 2304K, reserved 1048576K
Event: 1.734 GC heap after
Heap after GC invocations=2 (full 0):
 PSYoungGen      total 76288K, used 9761K [0x00000000f5580000, 0x00000000faa80000, 0x0000000100000000)
  eden space 65536K, 0% used [0x00000000f5580000,0x00000000f5580000,0x00000000f9580000)
  from space 10752K, 90% used [0x00000000fa000000,0x00000000fa988548,0x00000000faa80000)
  to   space 10752K, 0% used [0x00000000f9580000,0x00000000f9580000,0x00000000fa000000)
 ParOldGen       total 175104K, used 24K [0x00000000e0000000, 0x00000000eab00000, 0x00000000f5580000)
  object space 175104K, 0% used [0x00000000e0000000,0x00000000e0006000,0x00000000eab00000)
 Metaspace       used 15149K, capacity 15452K, committed 15872K, reserved 1062912K
  class space    used 2064K, capacity 2186K, committed 2304K, reserved 1048576K
}

Deoptimization events (10 events):
Event: 1.474 Thread 0x00000168bb853000 Uncommon trap: reason=bimorphic action=maybe_recompile pc=0x00000168a6d6e5b4 method=java.util.HashMap.putVal(ILjava/lang/Object;Ljava/lang/Object;ZZ)Ljava/lang/Object; @ 253
Event: 1.475 Thread 0x00000168bb853000 Uncommon trap: reason=bimorphic action=maybe_recompile pc=0x00000168a6d6e5b4 method=java.util.HashMap.putVal(ILjava/lang/Object;Ljava/lang/Object;ZZ)Ljava/lang/Object; @ 253
Event: 1.475 Thread 0x00000168bb853000 Uncommon trap: reason=bimorphic action=maybe_recompile pc=0x00000168a6d6e5b4 method=java.util.HashMap.putVal(ILjava/lang/Object;Ljava/lang/Object;ZZ)Ljava/lang/Object; @ 253
Event: 1.475 Thread 0x00000168bb853000 Uncommon trap: reason=bimorphic action=maybe_recompile pc=0x00000168a6d76648 method=java.util.HashMap.putVal(ILjava/lang/Object;Ljava/lang/Object;ZZ)Ljava/lang/Object; @ 253
Event: 1.620 Thread 0x00000168bb853000 Uncommon trap: reason=class_check action=maybe_recompile pc=0x00000168a6dcb284 method=java.util.regex.Matcher.match(II)Z @ 86
Event: 1.620 Thread 0x00000168bb853000 Uncommon trap: reason=class_check action=maybe_recompile pc=0x00000168a6dcb284 method=java.util.regex.Matcher.match(II)Z @ 86
Event: 1.620 Thread 0x00000168bb853000 Uncommon trap: reason=class_check action=maybe_recompile pc=0x00000168a6dcb284 method=java.util.regex.Matcher.match(II)Z @ 86
Event: 1.620 Thread 0x00000168bb853000 Uncommon trap: reason=class_check action=maybe_recompile pc=0x00000168a6c4fb54 method=java.util.regex.Matcher.match(II)Z @ 86
Event: 1.800 Thread 0x00000168bb853000 Uncommon trap: reason=unstable_if action=reinterpret pc=0x00000168a6dc9d7c method=java.io.File.getName()Ljava/lang/String; @ 16
Event: 1.800 Thread 0x00000168bb853000 Uncommon trap: reason=unstable_if action=reinterpret pc=0x00000168a6db969c method=java.lang.String.substring(I)Ljava/lang/String; @ 35

Classes redefined (0 events):
No events

Internal exceptions (10 events):
Event: 0.466 Thread 0x00000168a5017000 Exception <a 'java/lang/ArrayIndexOutOfBoundsException'> (0x00000000f6ad0478) thrown at [C:\jenkins\workspace\8-2-build-windows-amd64-cygwin\jdk8u271\605\hotspot\src\share\vm\runtime\sharedRuntime.cpp, line 609]
Event: 0.466 Thread 0x00000168a5017000 Exception <a 'java/lang/ArrayIndexOutOfBoundsException'> (0x00000000f6ad3090) thrown at [C:\jenkins\workspace\8-2-build-windows-amd64-cygwin\jdk8u271\605\hotspot\src\share\vm\runtime\sharedRuntime.cpp, line 609]
Event: 0.466 Thread 0x00000168a5017000 Exception <a 'java/lang/ArrayIndexOutOfBoundsException'> (0x00000000f6adec30) thrown at [C:\jenkins\workspace\8-2-build-windows-amd64-cygwin\jdk8u271\605\hotspot\src\share\vm\runtime\sharedRuntime.cpp, line 609]
Event: 0.466 Thread 0x00000168a5017000 Exception <a 'java/lang/ArrayIndexOutOfBoundsException'> (0x00000000f6ae0d80) thrown at [C:\jenkins\workspace\8-2-build-windows-amd64-cygwin\jdk8u271\605\hotspot\src\share\vm\runtime\sharedRuntime.cpp, line 609]
Event: 0.466 Thread 0x00000168a5017000 Exception <a 'java/lang/ArrayIndexOutOfBoundsException'> (0x00000000f6aeca68) thrown at [C:\jenkins\workspace\8-2-build-windows-amd64-cygwin\jdk8u271\605\hotspot\src\share\vm\runtime\sharedRuntime.cpp, line 609]
Event: 0.467 Thread 0x00000168a5017000 Exception <a 'java/lang/ArrayIndexOutOfBoundsException'> (0x00000000f6afb630) thrown at [C:\jenkins\workspace\8-2-build-windows-amd64-cygwin\jdk8u271\605\hotspot\src\share\vm\runtime\sharedRuntime.cpp, line 609]
Event: 1.434 Thread 0x00000168a5017000 Exception <a 'java/io/IOException'> (0x00000000f708eb18) thrown at [C:\jenkins\workspace\8-2-build-windows-amd64-cygwin\jdk8u271\605\hotspot\src\share\vm\prims\jni.cpp, line 710]
Event: 1.824 Thread 0x00000168bb853000 Exception <a 'java/lang/NoSuchMethodError': java.lang.Object.lambda$and$0(Ljava/util/function/Predicate;Ljava/lang/Object;)Z> (0x00000000f64483c0) thrown at [C:\jenkins\workspace\8-2-build-windows-amd64-cygwin\jdk8u271\605\hotspot\src\share\vm\interpreter
Event: 1.829 Thread 0x00000168bb853000 Exception <a 'java/lang/IncompatibleClassChangeError': Found class java.lang.Object, but interface was expected> (0x00000000f6458cb0) thrown at [C:\jenkins\workspace\8-2-build-windows-amd64-cygwin\jdk8u271\605\hotspot\src\share\vm\interpreter\linkResolver
Event: 1.832 Thread 0x00000168bb853000 Exception <a 'java/lang/NoSuchMethodError': java.lang.Object.lambda$or$2(Ljava/util/function/Predicate;Ljava/lang/Object;)Z> (0x00000000f645dc48) thrown at [C:\jenkins\workspace\8-2-build-windows-amd64-cygwin\jdk8u271\605\hotspot\src\share\vm\interpreter\

Events (10 events):
Event: 1.847 loading class com/google/common/io/Resources
Event: 1.847 loading class com/google/common/io/Resources done
Event: 1.848 loading class com/google/common/io/Resources$UrlByteSource
Event: 1.848 loading class com/google/common/io/Resources$UrlByteSource done
Event: 1.848 loading class org/gradle/configuration/DefaultImportsReader$1
Event: 1.848 loading class org/gradle/configuration/DefaultImportsReader$1 done
Event: 1.849 loading class com/google/common/io/CharStreams
Event: 1.849 loading class com/google/common/io/CharStreams done
Event: 1.849 loading class com/google/common/io/CharStreams$NullWriter
Event: 1.849 loading class com/google/common/io/CharStreams$NullWriter done


Dynamic libraries:
0x00007ff6cf410000 - 0x00007ff6cf457000 	C:\Program Files\Java\jdk1.8.0_271\bin\java.exe
0x00007ffc43bd0000 - 0x00007ffc43dc6000 	C:\Windows\SYSTEM32\ntdll.dll
0x00007ffc42300000 - 0x00007ffc423bd000 	C:\Windows\System32\KERNEL32.DLL
0x00007ffc41640000 - 0x00007ffc41909000 	C:\Windows\System32\KERNELBASE.dll
0x00007ffc43470000 - 0x00007ffc4351c000 	C:\Windows\System32\ADVAPI32.dll
0x00007ffc421d0000 - 0x00007ffc4226e000 	C:\Windows\System32\msvcrt.dll
0x00007ffc42880000 - 0x00007ffc4291c000 	C:\Windows\System32\sechost.dll
0x00007ffc423c0000 - 0x00007ffc424eb000 	C:\Windows\System32\RPCRT4.dll
0x00007ffc42990000 - 0x00007ffc42b30000 	C:\Windows\System32\USER32.dll
0x00007ffc41a20000 - 0x00007ffc41a42000 	C:\Windows\System32\win32u.dll
0x00007ffc424f0000 - 0x00007ffc4251a000 	C:\Windows\System32\GDI32.dll
0x00007ffc41490000 - 0x00007ffc4159b000 	C:\Windows\System32\gdi32full.dll
0x00007ffc415a0000 - 0x00007ffc4163d000 	C:\Windows\System32\msvcp_win.dll
0x00007ffc41310000 - 0x00007ffc41410000 	C:\Windows\System32\ucrtbase.dll
0x00007ffc24a50000 - 0x00007ffc24ceb000 	C:\Windows\WinSxS\amd64_microsoft.windows.common-controls_6595b64144ccf1df_6.0.19041.746_none_ca02b4b61b8320a4\COMCTL32.dll
0x00007ffc42140000 - 0x00007ffc42170000 	C:\Windows\System32\IMM32.DLL
0x00007ffc3b9d0000 - 0x00007ffc3b9e5000 	C:\Program Files\Java\jdk1.8.0_271\jre\bin\vcruntime140.dll
0x00007ffc2e340000 - 0x00007ffc2e3db000 	C:\Program Files\Java\jdk1.8.0_271\jre\bin\msvcp140.dll
0x00000000747d0000 - 0x000000007503f000 	C:\Program Files\Java\jdk1.8.0_271\jre\bin\server\jvm.dll
0x00007ffc43520000 - 0x00007ffc43528000 	C:\Windows\System32\PSAPI.DLL
0x00007ffc38320000 - 0x00007ffc3832a000 	C:\Windows\SYSTEM32\VERSION.dll
0x00007ffc32540000 - 0x00007ffc32567000 	C:\Windows\SYSTEM32\WINMM.dll
0x00007ffc29030000 - 0x00007ffc29039000 	C:\Windows\SYSTEM32\WSOCK32.dll
0x00007ffc42920000 - 0x00007ffc4298b000 	C:\Windows\System32\WS2_32.dll
0x00007ffc3fbf0000 - 0x00007ffc3fc02000 	C:\Windows\SYSTEM32\kernel.appcore.dll
0x00007ffc3b9c0000 - 0x00007ffc3b9d0000 	C:\Program Files\Java\jdk1.8.0_271\jre\bin\verify.dll
0x00007ffc3b990000 - 0x00007ffc3b9bb000 	C:\Program Files\Java\jdk1.8.0_271\jre\bin\java.dll
0x00007ffc365b0000 - 0x00007ffc365c8000 	C:\Program Files\Java\jdk1.8.0_271\jre\bin\zip.dll
0x00007ffc42c50000 - 0x00007ffc43393000 	C:\Windows\System32\SHELL32.dll
0x00007ffc3f0c0000 - 0x00007ffc3f84f000 	C:\Windows\SYSTEM32\windows.storage.dll
0x00007ffc42520000 - 0x00007ffc42876000 	C:\Windows\System32\combase.dll
0x00007ffc40d70000 - 0x00007ffc40d9c000 	C:\Windows\SYSTEM32\Wldp.dll
0x00007ffc433c0000 - 0x00007ffc4346e000 	C:\Windows\System32\SHCORE.dll
0x00007ffc43530000 - 0x00007ffc43585000 	C:\Windows\System32\shlwapi.dll
0x00007ffc41240000 - 0x00007ffc41266000 	C:\Windows\SYSTEM32\profapi.dll
0x00007ffc31f30000 - 0x00007ffc31f4c000 	C:\Program Files\Java\jdk1.8.0_271\jre\bin\net.dll
0x00007ffc40af0000 - 0x00007ffc40b5a000 	C:\Windows\system32\mswsock.dll
0x00007ffc31f10000 - 0x00007ffc31f23000 	C:\Program Files\Java\jdk1.8.0_271\jre\bin\nio.dll
0x00007ffc10fb0000 - 0x00007ffc10fd6000 	C:\Users\sangnk\.gradle\native\31\windows-amd64\native-platform.dll
0x00007ffc39660000 - 0x00007ffc3966d000 	C:\Program Files\Java\jdk1.8.0_271\jre\bin\management.dll
0x00007ffc40cc0000 - 0x00007ffc40cd8000 	C:\Windows\SYSTEM32\CRYPTSP.dll
0x00007ffc40420000 - 0x00007ffc40454000 	C:\Windows\system32\rsaenh.dll
0x00007ffc41460000 - 0x00007ffc41487000 	C:\Windows\System32\bcrypt.dll
0x00007ffc41200000 - 0x00007ffc4122e000 	C:\Windows\SYSTEM32\USERENV.dll
0x00007ffc41bb0000 - 0x00007ffc41c30000 	C:\Windows\System32\bcryptprimitives.dll
0x00007ffc40ce0000 - 0x00007ffc40cec000 	C:\Windows\SYSTEM32\CRYPTBASE.dll
0x00007ffc40790000 - 0x00007ffc407cb000 	C:\Windows\SYSTEM32\IPHLPAPI.DLL
0x00007ffc433b0000 - 0x00007ffc433b8000 	C:\Windows\System32\NSI.dll
0x00007ffc38e60000 - 0x00007ffc38e77000 	C:\Windows\SYSTEM32\dhcpcsvc6.DLL
0x00007ffc386e0000 - 0x00007ffc386fd000 	C:\Windows\SYSTEM32\dhcpcsvc.DLL
0x00007ffc407d0000 - 0x00007ffc4089b000 	C:\Windows\SYSTEM32\DNSAPI.dll
0x00007ffc3f920000 - 0x00007ffc3fb04000 	C:\Windows\SYSTEM32\dbghelp.dll

VM Arguments:
jvm_args: -XX:MaxMetaspaceSize=256m -XX:+HeapDumpOnOutOfMemoryError -Xms256m -Xmx512m -Dfile.encoding=windows-1252 -Duser.country=US -Duser.language=en -Duser.variant 
java_command: org.gradle.launcher.daemon.bootstrap.GradleDaemon 6.1.1
java_class_path (initial): C:\Users\sangnk\.gradle\wrapper\dists\gradle-6.1.1-bin\4i3ntwqiazourd86epxcz427c\gradle-6.1.1\lib\gradle-launcher-6.1.1.jar
Launcher Type: SUN_STANDARD

Environment Variables:
JAVA_HOME=C:\Program Files\Java\jdk1.8.0_271
JRE_HOME=C:\Program Files\Java\jre1.8.0_271
CLASSPATH=C:\Users\sangnk\Desktop\testMumi\mumi_app\vpdt-app-project\android\\gradle\wrapper\gradle-wrapper.jar
PATH=C:\Users\sangnk\Desktop\testMumi\mumi_app\vpdt-app-project\node_modules\.bin;C:\app\sangnk\product\18.0.0\dbhomeXE\bin;C:\Program Files (x86)\Common Files\Oracle\Java\javapath;C:\Windows\system32;C:\Windows;C:\Windows\System32\Wbem;C:\Windows\System32\WindowsPowerShell\v1.0\;C:\Windows\System32\OpenSSH\;C:\Program Files\Intel\WiFi\bin\;C:\Program Files\Common Files\Intel\WirelessCommon\;C:\Program Files\Git\cmd;"CLASSPATH=C:\Program Files\Java\jdk1.8.0_271\bin;C:\Program Files\Java\jre1.8.0_271\bin;%CATALINA_HOME%\lib";D:\apache-maven-3.6.3\bin;C:\Program Files\nodejs\;C:\Program Files (x86)\dotnet\;C:\Users\sangnk\AppData\Local\Android\Sdk\platform-tools;C:\Program Files\Java\jdk1.8.0_271\bin;C:\Users\sangnk\AppData\Local\Microsoft\WindowsApps;C:\Program Files\JetBrains\IntelliJ IDEA 2020.3\bin;C:\Users\sangnk\AppData\Local\Programs\Microsoft VS Code\bin;C:\Users\sangnk\AppData\Local\GitHubDesktop\bin;C:\Users\sangnk\AppData\Roaming\npm;C:\Users\sangnk\AppData\Local\Android\Sdk\platform-tools;C:\Program Files\Java\jdk1.8.0_271\bin;C:\Users\sangnk\AppData\Local\atom\bin
USERNAME=sangnk
OS=Windows_NT
PROCESSOR_IDENTIFIER=Intel64 Family 6 Model 142 Stepping 10, GenuineIntel



---------------  S Y S T E M  ---------------

OS: Windows 10.0 , 64 bit Build 19041 (10.0.19041.662)

CPU:total 8 (initial active 8) (4 cores per cpu, 2 threads per core) family 6 model 142 stepping 10, cmov, cx8, fxsr, mmx, sse, sse2, sse3, ssse3, sse4.1, sse4.2, popcnt, avx, avx2, aes, clmul, erms, 3dnowpref, lzcnt, ht, tsc, tscinvbit, bmi1, bmi2, adx

Memory: 4k page, physical 16628712k(1150468k free), swap 31831232k(3092k free)

vm_info: Java HotSpot(TM) 64-Bit Server VM (25.271-b09) for windows-amd64 JRE (1.8.0_271-b09), built on Sep 16 2020 19:14:59 by "" with MS VC++ 15.9 (VS2017)

time: Mon Jan 25 17:00:36 2021
timezone: SE Asia Standard Time
elapsed time: 1.880118 seconds (0d 0h 0m 1s)

